<?xml version="1.0" encoding="UTF-8"?>
<testsuite name="preprocessingmining.com.example.preprocessingmining.PreprocessingMiningApplicationTests" tests="1" skipped="0" failures="0" errors="0" timestamp="2021-06-15T13:01:25" hostname="guisolski-igamez390vulcanx" time="0.057">
  <properties/>
  <testcase name="contextLoads()" classname="preprocessingmining.com.example.preprocessingmining.PreprocessingMiningApplicationTests" time="0.057"/>
  <system-out><![CDATA[10:01:23.009 [Test worker] DEBUG org.springframework.test.context.BootstrapUtils - Instantiating CacheAwareContextLoaderDelegate from class [org.springframework.test.context.cache.DefaultCacheAwareContextLoaderDelegate]
10:01:23.015 [Test worker] DEBUG org.springframework.test.context.BootstrapUtils - Instantiating BootstrapContext using constructor [public org.springframework.test.context.support.DefaultBootstrapContext(java.lang.Class,org.springframework.test.context.CacheAwareContextLoaderDelegate)]
10:01:23.032 [Test worker] DEBUG org.springframework.test.context.BootstrapUtils - Instantiating TestContextBootstrapper for test class [preprocessingmining.com.example.preprocessingmining.PreprocessingMiningApplicationTests] from class [org.springframework.boot.test.context.SpringBootTestContextBootstrapper]
10:01:23.038 [Test worker] INFO org.springframework.boot.test.context.SpringBootTestContextBootstrapper - Neither @ContextConfiguration nor @ContextHierarchy found for test class [preprocessingmining.com.example.preprocessingmining.PreprocessingMiningApplicationTests], using SpringBootContextLoader
10:01:23.040 [Test worker] DEBUG org.springframework.test.context.support.AbstractContextLoader - Did not detect default resource location for test class [preprocessingmining.com.example.preprocessingmining.PreprocessingMiningApplicationTests]: class path resource [preprocessingmining/com/example/preprocessingmining/PreprocessingMiningApplicationTests-context.xml] does not exist
10:01:23.041 [Test worker] DEBUG org.springframework.test.context.support.AbstractContextLoader - Did not detect default resource location for test class [preprocessingmining.com.example.preprocessingmining.PreprocessingMiningApplicationTests]: class path resource [preprocessingmining/com/example/preprocessingmining/PreprocessingMiningApplicationTestsContext.groovy] does not exist
10:01:23.041 [Test worker] INFO org.springframework.test.context.support.AbstractContextLoader - Could not detect default resource locations for test class [preprocessingmining.com.example.preprocessingmining.PreprocessingMiningApplicationTests]: no resource found for suffixes {-context.xml, Context.groovy}.
10:01:23.041 [Test worker] INFO org.springframework.test.context.support.AnnotationConfigContextLoaderUtils - Could not detect default configuration classes for test class [preprocessingmining.com.example.preprocessingmining.PreprocessingMiningApplicationTests]: PreprocessingMiningApplicationTests does not declare any static, non-private, non-final, nested classes annotated with @Configuration.
10:01:23.062 [Test worker] DEBUG org.springframework.test.context.support.ActiveProfilesUtils - Could not find an 'annotation declaring class' for annotation type [org.springframework.test.context.ActiveProfiles] and class [preprocessingmining.com.example.preprocessingmining.PreprocessingMiningApplicationTests]
10:01:23.092 [Test worker] DEBUG org.springframework.context.annotation.ClassPathScanningCandidateComponentProvider - Identified candidate component class: file [/home/guisolski/Desktop/projects/faculdade/api/build/classes/java/main/preprocessingmining/com/example/preprocessingmining/PreprocessingMiningApplication.class]
10:01:23.092 [Test worker] INFO org.springframework.boot.test.context.SpringBootTestContextBootstrapper - Found @SpringBootConfiguration preprocessingmining.com.example.preprocessingmining.PreprocessingMiningApplication for test class preprocessingmining.com.example.preprocessingmining.PreprocessingMiningApplicationTests
10:01:23.142 [Test worker] DEBUG org.springframework.boot.test.context.SpringBootTestContextBootstrapper - @TestExecutionListeners is not present for class [preprocessingmining.com.example.preprocessingmining.PreprocessingMiningApplicationTests]: using defaults.
10:01:23.143 [Test worker] INFO org.springframework.boot.test.context.SpringBootTestContextBootstrapper - Loaded default TestExecutionListener class names from location [META-INF/spring.factories]: [org.springframework.boot.test.autoconfigure.restdocs.RestDocsTestExecutionListener, org.springframework.boot.test.autoconfigure.web.client.MockRestServiceServerResetTestExecutionListener, org.springframework.boot.test.autoconfigure.web.servlet.MockMvcPrintOnlyOnFailureTestExecutionListener, org.springframework.boot.test.autoconfigure.web.servlet.WebDriverTestExecutionListener, org.springframework.boot.test.autoconfigure.webservices.client.MockWebServiceServerTestExecutionListener, org.springframework.boot.test.mock.mockito.MockitoTestExecutionListener, org.springframework.boot.test.mock.mockito.ResetMocksTestExecutionListener, org.springframework.test.context.web.ServletTestExecutionListener, org.springframework.test.context.support.DirtiesContextBeforeModesTestExecutionListener, org.springframework.test.context.event.ApplicationEventsTestExecutionListener, org.springframework.test.context.support.DependencyInjectionTestExecutionListener, org.springframework.test.context.support.DirtiesContextTestExecutionListener, org.springframework.test.context.transaction.TransactionalTestExecutionListener, org.springframework.test.context.jdbc.SqlScriptsTestExecutionListener, org.springframework.test.context.event.EventPublishingTestExecutionListener]
10:01:23.151 [Test worker] INFO org.springframework.boot.test.context.SpringBootTestContextBootstrapper - Using TestExecutionListeners: [org.springframework.test.context.web.ServletTestExecutionListener@e63d61a, org.springframework.test.context.support.DirtiesContextBeforeModesTestExecutionListener@563d52aa, org.springframework.test.context.event.ApplicationEventsTestExecutionListener@10391ae7, org.springframework.boot.test.mock.mockito.MockitoTestExecutionListener@3b1412c4, org.springframework.boot.test.autoconfigure.SpringBootDependencyInjectionTestExecutionListener@2bd7c0ba, org.springframework.test.context.support.DirtiesContextTestExecutionListener@17436f68, org.springframework.test.context.transaction.TransactionalTestExecutionListener@4ff5a145, org.springframework.test.context.jdbc.SqlScriptsTestExecutionListener@54ec184d, org.springframework.test.context.event.EventPublishingTestExecutionListener@41abc07a, org.springframework.boot.test.autoconfigure.restdocs.RestDocsTestExecutionListener@4d9fdf08, org.springframework.boot.test.autoconfigure.web.client.MockRestServiceServerResetTestExecutionListener@2f82a077, org.springframework.boot.test.autoconfigure.web.servlet.MockMvcPrintOnlyOnFailureTestExecutionListener@1b18ebba, org.springframework.boot.test.autoconfigure.web.servlet.WebDriverTestExecutionListener@4af50b3, org.springframework.boot.test.autoconfigure.webservices.client.MockWebServiceServerTestExecutionListener@377ba8b1, org.springframework.boot.test.mock.mockito.ResetMocksTestExecutionListener@d402731]
10:01:23.153 [Test worker] DEBUG org.springframework.test.context.support.AbstractDirtiesContextTestExecutionListener - Before test class: context [DefaultTestContext@58c914f0 testClass = PreprocessingMiningApplicationTests, testInstance = [null], testMethod = [null], testException = [null], mergedContextConfiguration = [WebMergedContextConfiguration@34701c43 testClass = PreprocessingMiningApplicationTests, locations = '{}', classes = '{class preprocessingmining.com.example.preprocessingmining.PreprocessingMiningApplication}', contextInitializerClasses = '[]', activeProfiles = '{}', propertySourceLocations = '{}', propertySourceProperties = '{org.springframework.boot.test.context.SpringBootTestContextBootstrapper=true}', contextCustomizers = set[org.springframework.boot.test.autoconfigure.actuate.metrics.MetricsExportContextCustomizerFactory$DisableMetricExportContextCustomizer@6cfa462d, org.springframework.boot.test.autoconfigure.properties.PropertyMappingContextCustomizer@0, org.springframework.boot.test.autoconfigure.web.servlet.WebDriverContextCustomizerFactory$Customizer@5f42230e, org.springframework.boot.test.context.filter.ExcludeFilterContextCustomizer@302c4f8a, org.springframework.boot.test.json.DuplicateJsonObjectContextCustomizerFactory$DuplicateJsonObjectContextCustomizer@7f526077, org.springframework.boot.test.mock.mockito.MockitoContextCustomizer@0, org.springframework.boot.test.web.client.TestRestTemplateContextCustomizer@48232fca, org.springframework.boot.test.context.SpringBootTestArgs@1, org.springframework.boot.test.context.SpringBootTestWebEnvironment@38202f8c], resourceBasePath = 'src/main/webapp', contextLoader = 'org.springframework.boot.test.context.SpringBootContextLoader', parent = [null]], attributes = map['org.springframework.test.context.web.ServletTestExecutionListener.activateListener' -> true]], class annotated with @DirtiesContext [false] with mode [null].
10:01:23.175 [Test worker] DEBUG org.springframework.test.context.support.TestPropertySourceUtils - Adding inlined properties to environment: {spring.jmx.enabled=false, org.springframework.boot.test.context.SpringBootTestContextBootstrapper=true}

  .   ____          _            __ _ _
 /\\ / ___'_ __ _ _(_)_ __  __ _ \ \ \ \
( ( )\___ | '_ | '_| | '_ \/ _` | \ \ \ \
 \\/  ___)| |_)| | | | | || (_| |  ) ) ) )
  '  |____| .__|_| |_|_| |_\__, | / / / /
 =========|_|==============|___/=/_/_/_/
 :: Spring Boot ::                (v2.5.0)

2021-06-15 10:01:23.322  WARN 17561 --- [    Test worker] ory$DuplicateJsonObjectContextCustomizer : 

Found multiple occurrences of org.json.JSONObject on the class path:

	jar:file:/home/guisolski/.gradle/caches/modules-2/files-2.1/org.json/json/20090211/c183aa3a2a6250293808bba12262c8920ce5a51c/json-20090211.jar!/org/json/JSONObject.class
	jar:file:/home/guisolski/.gradle/caches/modules-2/files-2.1/com.vaadin.external.google/android-json/0.0.20131108.vaadin1/fa26d351fe62a6a17f5cda1287c1c6110dec413f/android-json-0.0.20131108.vaadin1.jar!/org/json/JSONObject.class

You may wish to exclude one of them to ensure predictable runtime behavior

2021-06-15 10:01:23.329  INFO 17561 --- [    Test worker] .e.p.PreprocessingMiningApplicationTests : Starting PreprocessingMiningApplicationTests using Java 11.0.11 on guisolski-igamez390vulcanx with PID 17561 (started by guisolski in /home/guisolski/Desktop/projects/faculdade/api)
2021-06-15 10:01:23.330  INFO 17561 --- [    Test worker] .e.p.PreprocessingMiningApplicationTests : No active profile set, falling back to default profiles: default
2021-06-15 10:01:23.410  WARN 17561 --- [kground-preinit] o.s.h.c.j.Jackson2ObjectMapperBuilder    : For Jackson Kotlin classes support please add "com.fasterxml.jackson.module:jackson-module-kotlin" to the classpath
2021-06-15 10:01:23.671  INFO 17561 --- [    Test worker] .s.d.r.c.RepositoryConfigurationDelegate : Multiple Spring Data modules found, entering strict repository configuration mode!
2021-06-15 10:01:23.672  INFO 17561 --- [    Test worker] .s.d.r.c.RepositoryConfigurationDelegate : Bootstrapping Spring Data Reactive Cassandra repositories in DEFAULT mode.
2021-06-15 10:01:23.690  INFO 17561 --- [    Test worker] .RepositoryConfigurationExtensionSupport : Spring Data Reactive Cassandra - Could not safely identify store assignment for repository candidate interface preprocessingmining.com.example.preprocessingmining.repository.ProjectRepository. If you want this repository to be a Reactive Cassandra repository, consider annotating your entities with one of these annotations: org.springframework.data.cassandra.core.mapping.Table (preferred), or consider extending one of the following types with your repository: org.springframework.data.cassandra.repository.ReactiveCassandraRepository.
2021-06-15 10:01:23.691  INFO 17561 --- [    Test worker] .RepositoryConfigurationExtensionSupport : Spring Data Reactive Cassandra - Could not safely identify store assignment for repository candidate interface preprocessingmining.com.example.preprocessingmining.repository.UserRepository. If you want this repository to be a Reactive Cassandra repository, consider annotating your entities with one of these annotations: org.springframework.data.cassandra.core.mapping.Table (preferred), or consider extending one of the following types with your repository: org.springframework.data.cassandra.repository.ReactiveCassandraRepository.
2021-06-15 10:01:23.691  INFO 17561 --- [    Test worker] .s.d.r.c.RepositoryConfigurationDelegate : Finished Spring Data repository scanning in 17 ms. Found 0 Reactive Cassandra repository interfaces.
2021-06-15 10:01:23.694  INFO 17561 --- [    Test worker] .s.d.r.c.RepositoryConfigurationDelegate : Multiple Spring Data modules found, entering strict repository configuration mode!
2021-06-15 10:01:23.694  INFO 17561 --- [    Test worker] .s.d.r.c.RepositoryConfigurationDelegate : Bootstrapping Spring Data Cassandra repositories in DEFAULT mode.
2021-06-15 10:01:23.696  INFO 17561 --- [    Test worker] .RepositoryConfigurationExtensionSupport : Spring Data Cassandra - Could not safely identify store assignment for repository candidate interface preprocessingmining.com.example.preprocessingmining.repository.ProjectRepository. If you want this repository to be a Cassandra repository, consider annotating your entities with one of these annotations: org.springframework.data.cassandra.core.mapping.Table (preferred), or consider extending one of the following types with your repository: org.springframework.data.cassandra.repository.CassandraRepository.
2021-06-15 10:01:23.697  INFO 17561 --- [    Test worker] .RepositoryConfigurationExtensionSupport : Spring Data Cassandra - Could not safely identify store assignment for repository candidate interface preprocessingmining.com.example.preprocessingmining.repository.UserRepository. If you want this repository to be a Cassandra repository, consider annotating your entities with one of these annotations: org.springframework.data.cassandra.core.mapping.Table (preferred), or consider extending one of the following types with your repository: org.springframework.data.cassandra.repository.CassandraRepository.
2021-06-15 10:01:23.697  INFO 17561 --- [    Test worker] .s.d.r.c.RepositoryConfigurationDelegate : Finished Spring Data repository scanning in 2 ms. Found 0 Cassandra repository interfaces.
2021-06-15 10:01:23.702  INFO 17561 --- [    Test worker] .s.d.r.c.RepositoryConfigurationDelegate : Multiple Spring Data modules found, entering strict repository configuration mode!
2021-06-15 10:01:23.702  INFO 17561 --- [    Test worker] .s.d.r.c.RepositoryConfigurationDelegate : Bootstrapping Spring Data JPA repositories in DEFAULT mode.
2021-06-15 10:01:23.719  INFO 17561 --- [    Test worker] .s.d.r.c.RepositoryConfigurationDelegate : Finished Spring Data repository scanning in 14 ms. Found 2 JPA repository interfaces.
2021-06-15 10:01:23.981  INFO 17561 --- [    Test worker] com.zaxxer.hikari.HikariDataSource       : HikariPool-1 - Starting...
2021-06-15 10:01:24.024  INFO 17561 --- [    Test worker] com.zaxxer.hikari.HikariDataSource       : HikariPool-1 - Start completed.
2021-06-15 10:01:24.056  INFO 17561 --- [    Test worker] o.hibernate.jpa.internal.util.LogHelper  : HHH000204: Processing PersistenceUnitInfo [name: default]
2021-06-15 10:01:24.081  INFO 17561 --- [    Test worker] org.hibernate.Version                    : HHH000412: Hibernate ORM core version 5.4.31.Final
2021-06-15 10:01:24.153  INFO 17561 --- [    Test worker] o.hibernate.annotations.common.Version   : HCANN000001: Hibernate Commons Annotations {5.1.2.Final}
2021-06-15 10:01:24.217  INFO 17561 --- [    Test worker] org.hibernate.dialect.Dialect            : HHH000400: Using dialect: org.hibernate.dialect.PostgreSQL10Dialect
2021-06-15 10:01:24.377  INFO 17561 --- [    Test worker] org.hibernate.tuple.PojoInstantiator     : HHH000182: No default (no-argument) constructor for class: preprocessingmining.com.example.preprocessingmining.model.Project (class must be instantiated by Interceptor)
2021-06-15 10:01:24.505  INFO 17561 --- [    Test worker] o.h.e.t.j.p.i.JtaPlatformInitiator       : HHH000490: Using JtaPlatform implementation: [org.hibernate.engine.transaction.jta.platform.internal.NoJtaPlatform]
2021-06-15 10:01:24.510  INFO 17561 --- [    Test worker] j.LocalContainerEntityManagerFactoryBean : Initialized JPA EntityManagerFactory for persistence unit 'default'
2021-06-15 10:01:24.548  WARN 17561 --- [    Test worker] JpaBaseConfiguration$JpaWebConfiguration : spring.jpa.open-in-view is enabled by default. Therefore, database queries may be performed during view rendering. Explicitly configure spring.jpa.open-in-view to disable this warning
2021-06-15 10:01:24.837  INFO 17561 --- [    Test worker] o.s.s.web.DefaultSecurityFilterChain     : Will secure any request with [org.springframework.security.web.context.request.async.WebAsyncManagerIntegrationFilter@7b554cda, org.springframework.security.web.context.SecurityContextPersistenceFilter@3f14c26a, org.springframework.security.web.header.HeaderWriterFilter@7030062f, org.springframework.web.filter.CorsFilter@43712cc5, org.springframework.security.web.authentication.logout.LogoutFilter@6e1d66fa, preprocessingmining.com.example.preprocessingmining.filter.AuthenticationFilter@6259cfd8, preprocessingmining.com.example.preprocessingmining.filter.AuthorizationFilter@4b28d9bb, org.springframework.security.web.savedrequest.RequestCacheAwareFilter@78f78508, org.springframework.security.web.servletapi.SecurityContextHolderAwareRequestFilter@4d6faa29, org.springframework.security.web.authentication.AnonymousAuthenticationFilter@1a4a6f98, org.springframework.security.web.session.SessionManagementFilter@7b387208, org.springframework.security.web.access.ExceptionTranslationFilter@4a2206b1, org.springframework.security.web.access.intercept.FilterSecurityInterceptor@7e95bd89]
2021-06-15 10:01:25.241  INFO 17561 --- [    Test worker] .e.p.PreprocessingMiningApplicationTests : Started PreprocessingMiningApplicationTests in 2.062 seconds (JVM running for 2.673)
2021-06-15 10:01:25.242  INFO 17561 --- [    Test worker] o.s.b.a.ApplicationAvailabilityBean      : Application availability state LivenessState changed to CORRECT
2021-06-15 10:01:25.242  INFO 17561 --- [    Test worker] o.s.b.a.ApplicationAvailabilityBean      : Application availability state ReadinessState changed to ACCEPTING_TRAFFIC
]]></system-out>
  <system-err><![CDATA[]]></system-err>
</testsuite>
